<?xml version="1.0" encoding="UTF-8"?>
<testsuites name="Mocha Tests" time="0.0040" tests="7" failures="0">
  <testsuite name="Root Suite" timestamp="2023-07-03T04:59:44" tests="0" time="0.0000" failures="0">
  </testsuite>
  <testsuite name="numberOfDuplicates" timestamp="2023-07-03T04:59:44" tests="3" file="C:\Users\eshqi\OneDrive\Masaüstü\epam\7.1.objects-and-arrays\test\index.js" time="0.0030" failures="0">
    <testcase name="numberOfDuplicates should count number of duplicates for given array [1, 2, 1, 1, 3]" time="0.0030" classname="should count number of duplicates for given array [1, 2, 1, 1, 3]">
    </testcase>
    <testcase name="numberOfDuplicates should count number of duplicates for given array [&apos;a&apos;, &apos;a&apos;, &apos;aa&apos;, &apos;a&apos;, &apos;aa&apos;]" time="0.0000" classname="should count number of duplicates for given array [&apos;a&apos;, &apos;a&apos;, &apos;aa&apos;, &apos;a&apos;, &apos;aa&apos;]">
    </testcase>
    <testcase name="numberOfDuplicates should count number of duplicates for given array [1, -3, -3]" time="0.0000" classname="should count number of duplicates for given array [1, -3, -3]">
    </testcase>
  </testsuite>
  <testsuite name="countObjectStrength" timestamp="2023-07-03T04:59:44" tests="4" file="C:\Users\eshqi\OneDrive\Masaüstü\epam\7.1.objects-and-arrays\test\index.js" time="0.0010" failures="0">
    <testcase name="countObjectStrength should count object strengths for given object Array" time="0.0000" classname="should count object strengths for given object Array">
    </testcase>
    <testcase name="countObjectStrength should count object strengths for given object Array.prototype" time="0.0010" classname="should count object strengths for given object Array.prototype">
    </testcase>
    <testcase name="countObjectStrength should count object strengths for given object []" time="0.0000" classname="should count object strengths for given object []">
    </testcase>
    <testcase name="countObjectStrength should count object strengths for given object {some: &quot;value&quot;}" time="0.0000" classname="should count object strengths for given object {some: &quot;value&quot;}">
    </testcase>
  </testsuite>
</testsuites>